185
2 0 2
2 1 3
2 4 5
2 6 8
2 7 9
2 10 14
2 11 13
2 12 15
2 16 18
2 17 19
2 20 21
2 22 23
2 24 25
2 26 27
2 28 29
2 30 31
2 32 34
2 33 36
2 35 37
2 38 39
2 40 41
2 42 44
2 43 45
2 46 47
2 48 49
2 50 51
2 52 53
2 54 55
2 56 57
2 58 59
2 60 62
2 61 63
2 64 65
2 66 67
2 68 69
2 70 71
2 72 74
2 73 75
2 76 77
2 78 79
2 80 81
2 82 83
2 84 85
2 86 87
2 88 89
2 90 91
2 92 94
2 93 95
2 96 98
2 97 99
2 100 101
2 102 103
2 104 105
2 106 107
2 108 109
2 110 111
2 112 114
2 113 115
2 116 117
2 118 119
2 120 121
2 122 123
2 124 125
2 126 127
2 128 129
3 130 132 131
3 133 134 135
3 136 137 138
3 139 140 142
3 141 143 144
3 145 146 147
3 148 149 150
3 151 152 153
3 154 157 159
3 155 158 160
3 156 161 162
3 163 164 166
3 165 167 168
3 169 170 171
3 172 173 174
3 175 176 177
3 178 179 180
3 181 182 183
3 184 185 186
3 187 188 191
3 189 192 193
3 190 194 195
3 196 198 199
3 197 200 201
3 202 204 203
3 205 206 207
3 208 209 211
3 210 214 213
3 212 215 216
3 217 218 219
3 220 221 222
3 223 224 225
3 226 227 228
3 229 230 231
3 232 233 235
3 234 236 237
3 238 239 240
3 241 242 243
3 244 245 246
3 247 248 249
3 250 251 253
3 252 254 255
3 256 257 258
3 259 260 261
3 262 263 264
3 265 267 266
3 268 269 270
3 271 272 273
3 274 275 278
3 276 280 281
3 277 282 283
3 279 284 285
3 286 287 288
3 289 290 291
3 292 293 294
3 295 296 297
3 298 302 301
3 299 303 304
3 300 305 307
3 306 308 309
4 310 312 313 314
4 311 315 316 317
4 318 320 321 323
4 319 324 325 327
4 322 328 331 329
4 326 332 335 336
4 330 338 339 340
4 333 341 342 343
4 334 344 345 346
4 337 347 348 349
4 350 351 353 354
4 352 355 356 357
4 358 359 360 361
4 362 363 364 365
4 366 367 368 370
4 369 371 372 373
4 374 375 377 378
4 376 379 380 381
4 382 383 384 385
4 386 387 388 389
4 390 391 392 393
4 394 395 396 397
4 398 399 400 401
4 402 403 404 405
4 406 407 408 409
4 410 411 412 413
4 414 415 416 417
4 418 419 422 424
4 420 425 426 427
4 421 428 429 430
4 423 431 432 433
4 434 435 436 437
4 438 440 439 442
4 441 444 445 446
4 443 447 449 450
4 448 451 453 455
4 452 456 457 458
4 454 459 460 461
4 462 464 465 466
4 463 467 468 469
4 470 471 472 473
4 474 475 476 477
4 478 479 480 481
4 482 483 485 486
4 484 487 488 489
4 490 491 493 494
4 492 496 497 498
